<?xml version="1.0" encoding="UTF-8"?>
<!-- Generated by org.testng.reporters.JUnitXMLReporter -->
<testsuite hostname="OJAS-LD19" ignored="1" name="Test(failed)(failed)" tests="2" failures="2" timestamp="23 Jun 2021 07:13:26 GMT" time="0.043" errors="0">
  <testcase name="f2" time="0.013" classname="lis.failedTestcases">
    <failure type="java.lang.AssertionError" message="expected [true] but found [false]">
      <![CDATA[java.lang.AssertionError: expected [true] but found [false]
at lis.failedTestcases.f2(failedTestcases.java:23)
... Removed 29 stack frames]]>
    </failure>
  </testcase> <!-- f2 -->
  <testcase name="f1" time="0.002" classname="lis.failedTestcases">
    <failure type="java.lang.AssertionError" message="expected [true] but found [false]">
      <![CDATA[java.lang.AssertionError: expected [true] but found [false]
at lis.failedTestcases.f1(failedTestcases.java:18)
... Removed 29 stack frames]]>
    </failure>
  </testcase> <!-- f1 -->
  <testcase name="f3" time="0.0" classname="lis.failedTestcases">
    <ignored/>
  </testcase> <!-- f3 -->
</testsuite> <!-- Test(failed)(failed) -->
